<?xml version="1.0" encoding="UTF-8"?>
<!-- Generated by org.testng.reporters.JUnitReportReporter -->
<testsuite skipped="0" hostname="EPAMYERW0074" name="Module3.LocatorTest.LocatorFirfoxTest" tests="1" failures="0" timestamp="12 Jun 2017 08:48:00 GMT" time="8.663" errors="0">
  <testcase name="testLocatorFirfox" time="8.663" classname="Module3.LocatorTest.LocatorFirfoxTest"/>
</testsuite> <!-- Module3.LocatorTest.LocatorFirfoxTest -->
