<?xml version="1.0" encoding="UTF-8"?>
<!-- Generated by org.testng.reporters.JUnitReportReporter -->
<testsuite skipped="0" hostname="EPAMYERW0074" name="Module3.LocatorTest.Locator_EmailCreation" tests="1" failures="0" timestamp="15 Jun 2017 12:29:36 GMT" time="19.420" errors="0">
  <testcase name="sendEmail" time="19.420" classname="Module3.LocatorTest.Locator_EmailCreation"/>
</testsuite> <!-- Module3.LocatorTest.Locator_EmailCreation -->
